<?xml version="1.0" encoding="UTF-8"?>
<!-- Generated by org.testng.reporters.JUnitReportReporter -->
<testsuite hostname="DESKTOP-JQHT8L4" failures="0" tests="1" name="web.MakeMyTripTest" time="8.813" errors="0" timestamp="2025-04-21T11:11:09 IST" skipped="0">
  <testcase classname="web.MakeMyTripTest" name="searchAndFetchFlightDetails" time="8.813"/>
</testsuite> <!-- web.MakeMyTripTest -->
